\BOOKMARK [0][-]{name.0}{Contents}{}% 1
\BOOKMARK [-1][]{part.2}{I\040Ditransitive\040constructions}{}% 2
\BOOKMARK [0][-]{chapter*.4}{1\040Datives\040as\040applicatives\040M.\040Cristina\040Cuervo}{part.2}% 3
\BOOKMARK [1][-]{section.5}{1\040Datives\040and\040applicatives}{chapter*.4}% 4
\BOOKMARK [2][-]{subsection.6}{1.1\040Introduction}{section.5}% 5
\BOOKMARK [2][-]{subsection.7}{1.2\040Datives\040as\040applicatives}{section.5}% 6
\BOOKMARK [1][-]{section.10}{2\040Difficulties\040in\040equating\040datives\040and\040applicatives}{chapter*.4}% 7
\BOOKMARK [2][-]{subsection.11}{2.1\040Core\040vs.\040non-core\040arguments}{section.10}% 8
\BOOKMARK [2][-]{subsection.16}{2.2\040Coding\040properties}{section.10}% 9
\BOOKMARK [2][-]{subsection.19}{2.3\040Syntactic\040properties}{section.10}% 10
\BOOKMARK [1][-]{section.21}{3\040Types\040of\040datives;\040types\040of\040applicatives}{chapter*.4}% 11
\BOOKMARK [1][-]{section.42}{4\040Deriving\040the\040sub-types}{chapter*.4}% 12
\BOOKMARK [2][-]{subsection.43}{4.1\040Below\040the\040verb:\040low\040applicatives}{section.42}% 13
\BOOKMARK [2][-]{subsection.46}{4.2\040Benefactives,\040instrumentals\040and\040other\040dynamic\040high\040applicatives}{section.42}% 14
\BOOKMARK [2][-]{subsection.52}{4.3\040Embedded\040high\040applicatives:\040affected\040applicatives\040and\040causees}{section.42}% 15
\BOOKMARK [2][-]{subsection.57}{4.4\040Dative\040experiencers\040as\040stative\040high\040applicatives}{section.42}% 16
\BOOKMARK [1][-]{section.74}{5\040Conclusions}{chapter*.4}% 17
\BOOKMARK [0][-]{chapter*.77}{2\040The\040puzzle\040of\040Russian\040ditransitives\040Svitlana\040Antonyuk\040}{part.2}% 18
\BOOKMARK [1][-]{section.79}{1\040Introduction}{chapter*.77}% 19
\BOOKMARK [1][-]{section.90}{2\040The\040basic\040empirical\040generalization:\0403\040classes\040of\040Russian\040ditransitives}{chapter*.77}% 20
\BOOKMARK [2][-]{subsection.93}{2.1\040The\040three\040groups\040exemplified}{section.90}% 21
\BOOKMARK [1][-]{section.108}{3\040Syntactic\040evidence\040supporting\040ditransitive\040classification\040into\040three\040groups}{chapter*.77}% 22
\BOOKMARK [2][-]{subsection.109}{3.1\040The\040distributive\040po\040test}{section.108}% 23
\BOOKMARK [2][-]{subsection.113}{3.2\040The\040Genitive\040of\040Negation\040test}{section.108}% 24
\BOOKMARK [2][-]{subsection.117}{3.3\040Resultative\040constructions\040as\040an\040objecthood\040test\040in\040Russian}{section.108}% 25
\BOOKMARK [1][-]{section.138}{4\040The\040proposed\040structures\040for\040the\040three\040groups\040of\040Russian\040ditransitives}{chapter*.77}% 26
\BOOKMARK [2][-]{subsection.139}{4.1\040Possible\040structures\040for\040group\0401\040predicates}{section.138}% 27
\BOOKMARK [2][-]{subsection.146}{4.2\040Possible\040structures\040for\040group\0402\040predicates}{section.138}% 28
\BOOKMARK [2][-]{subsection.156}{4.3\040Structural\040possibilities\040for\040group\0403\040predicates}{section.138}% 29
\BOOKMARK [1][-]{section.162}{5\040Conclusions}{chapter*.77}% 30
\BOOKMARK [0][-]{chapter*.166}{3\040Ditransitive\040constructions:\040what\040sets\040Brazilian\040Portuguese\040apart\040from\040other\040Romance\040languages?\040Ana\040Regina\040Calindro}{part.2}% 31
\BOOKMARK [0][-]{chapter*.202}{4 Putting objects in order: Asymmetrical relations in Spanish and Portuguese ditransitives Paola Cépeda & Sonia Cyrino }{part.2}% 32
\BOOKMARK [1][-]{section.203}{1\040Introduction}{chapter*.202}% 33
\BOOKMARK [1][-]{section.215}{2\040The\040asymmetry\040of\040DO\040and\040IO\040in\040Spanish\040and\040Portuguese}{chapter*.202}% 34
\BOOKMARK [2][-]{subsection.216}{2.1\040DO>IO\040and\040IO>DO\040are\040derivationally\040related.}{section.215}% 35
\BOOKMARK [2][-]{subsection.252}{2.2\040There\040is\040no\040DOC\040in\040Spanish\040or\040Portuguese.}{section.215}% 36
\BOOKMARK [1][-]{section.269}{3\040The\040order\040of\040objects\040and\040information\040structure}{chapter*.202}% 37
\BOOKMARK [2][-]{subsection.270}{3.1\040The\040distribution\040of\040DO>IO\040and\040IO>DO}{section.269}% 38
\BOOKMARK [2][-]{subsection.280}{3.2\040A\040low\040left\040periphery}{section.269}% 39
\BOOKMARK [1][-]{section.288}{4\040Conclusions}{chapter*.202}% 40
\BOOKMARK [0][-]{chapter*.291}{5\040Ditransitive\040constructions\040with\040DOM-ed\040direct\040objects\040in\040Romanian\040Alexandra\040Cornilescu\040&\040Irina\040Nicula}{part.2}% 41
\BOOKMARK [1][-]{section.292}{1\040Problem\040and\040aim}{chapter*.291}% 42
\BOOKMARK [1][-]{section.301}{2\040On\040Romanian\040dative\040DPs}{chapter*.291}% 43
\BOOKMARK [2][-]{subsection.302}{2.1\0402.1.\040Inflectional\040datives\040and\040the\040animacy\040hierarchy}{section.301}% 44
\BOOKMARK [2][-]{subsection.316}{2.2\0402.3\040Why\040a\040clitic\040is\040sometimes\040required}{section.301}% 45
\BOOKMARK [1][-]{section.320}{3\040Briefly\040on\040the\040syntax\040of\040Romanian\040DOM}{chapter*.291}% 46
\BOOKMARK [2][-]{subsection.321}{3.1\0403.1.\040Background}{section.320}% 47
\BOOKMARK [2][-]{subsection.325}{3.2\0403.2.\040The\040syntax\040of\040DOM}{section.320}% 48
\BOOKMARK [1][-]{section.327}{4\040Dative\040clitics\040and\040CD-Theory}{chapter*.291}% 49
\BOOKMARK [2][-]{subsection.328}{4.1\0404.1.\040On\040clitics}{section.327}% 50
\BOOKMARK [2][-]{subsection.332}{4.2\0404.2\040A\040suitable\040clitic\040theory:\040Preminger2016}{section.327}% 51
\BOOKMARK [1][-]{section.334}{5\040On\040the\040syntax\040of\040ditransitives}{chapter*.291}% 52
\BOOKMARK [2][-]{subsection.335}{5.1\0405.1\040Previous\040results}{section.334}% 53
\BOOKMARK [2][-]{subsection.336}{5.2\0405.2.\040The\040DO\040is\040a\040DP\040\(i.e.\040it\040is\040not\040DOM-ed\)}{section.334}% 54
\BOOKMARK [2][-]{subsection.343}{5.3\0405.3\040When\040DOM-ed\040themes\040and\040dative\040goals\040combine}{section.334}% 55
\BOOKMARK [1][-]{section.349}{6\040Some\040theoretical\040implications\040of\040the\040analysis}{chapter*.291}% 56
\BOOKMARK [1][-]{section.353}{7\040Conclusions}{chapter*.291}% 57
\BOOKMARK [0][-]{chapter*.356}{6\040PCC\040effects\040in\040causatives\040and\040ditransitives\040and\040the\040dative/locative\040distinction\040Michelle\040Sheehan\040}{part.2}% 58
\BOOKMARK [1][-]{section.357}{1\040The\040Person\040Case\040Constraint}{chapter*.356}% 59
\BOOKMARK [1][-]{section.364}{2\040Some\040core\040properties\040of\040the\040PCC}{chapter*.356}% 60
\BOOKMARK [1][-]{section.368}{3\040The\040PCC\040in\040causatives}{chapter*.356}% 61
\BOOKMARK [1][-]{section.371}{4\040Spanish\040causatives}{chapter*.356}% 62
\BOOKMARK [1][-]{section.374}{5\040Theoretical\040implications}{chapter*.356}% 63
\BOOKMARK [1][-]{section.377}{6\040Conclusions}{chapter*.356}% 64
\BOOKMARK [-1][]{part.380}{II\040Possessor\040datives,\040experiencer\040datives\040and\040related\040structures}{}% 65
\BOOKMARK [0][-]{chapter*.382}{7\040Aspectual\040datives\040\(and\040instrumentals\)\040Ludovico\040Franco\040&\040Paolo\040Lorusso}{part.380}% 66
\BOOKMARK [1][-]{section.383}{1\040Introduction:\040background\040and\040aims}{chapter*.382}% 67
\BOOKMARK [1][-]{section.395}{2\040Non-locative\040progressives\040periphrases\040\(with\040datives\040and\040beyond\)}{chapter*.382}% 68
\BOOKMARK [1][-]{section.408}{3\040Datives\040\(and\040instrumentals\)\040in\040Italian\040progressive/prospective\040periphrases}{chapter*.382}% 69
\BOOKMARK [0][-]{chapter*.425}{8\040The\040modal\040side\040of\040the\040dative:\040From\040predicative\040possession\040to\040possessive\040modality\040Egor\040Tsedryk\040}{part.380}% 70
\BOOKMARK [1][-]{section.426}{1\040Background}{chapter*.425}% 71
\BOOKMARK [1][-]{section.434}{2\040Focus\040on\040Russian}{chapter*.425}% 72
\BOOKMARK [2][-]{subsection.435}{2.1\040Overview}{section.434}% 73
\BOOKMARK [2][-]{subsection.439}{2.2\040Where\040is\040[incl]?}{section.434}% 74
\BOOKMARK [2][-]{subsection.449}{2.3\040Predicative\040possession\040with\040a\040dative}{section.434}% 75
\BOOKMARK [1][-]{section.471}{3\040Possession\040and\040control}{chapter*.425}% 76
\BOOKMARK [1][-]{section.475}{4\040Possessive\040modality\040in\040Russian}{chapter*.425}% 77
\BOOKMARK [1][-]{section.488}{5\040Conclusion}{chapter*.425}% 78
\BOOKMARK [0][-]{chapter*.491}{9 Datives and stativity in psych predicates Antonio Fábregas & Rafael Marín}{part.380}% 79
\BOOKMARK [1][-]{section.492}{1\040A\040correlation\040between\040datives\040and\040stativity}{chapter*.491}% 80
\BOOKMARK [1][-]{section.507}{2\040The\040analysis,\040step\040one:\040the\040denotation\040of\040a\040dative}{chapter*.491}% 81
\BOOKMARK [2][-]{subsection.514}{2.1\040Evidence\040that\040datives\040mean\040'contact'}{section.507}% 82
\BOOKMARK [1][-]{section.523}{3\040The\040analysis,\040step\040two:\040what\040makes\040experiencers\040special}{chapter*.491}% 83
\BOOKMARK [2][-]{subsection.524}{3.1\040Faltar\040vs.\040gustar}{section.523}% 84
\BOOKMARK [2][-]{subsection.530}{3.2\040Experiencers\040as\040covert\040P-locatives}{section.523}% 85
\BOOKMARK [1][-]{section.535}{4\040Conclusions}{chapter*.491}% 86
\BOOKMARK [-1][]{part.537}{III\040Applicatives}{}% 87
\BOOKMARK [0][-]{chapter*.539}{10\040When\040the\040applicative\040needs\040the\040antipassive\040David\040Basilico}{part.537}% 88
\BOOKMARK [1][-]{section.540}{1\040Introduction}{chapter*.539}% 89
\BOOKMARK [1][-]{section.545}{2\040The\040low\040applicative\040and\040arguments\040within\040the\040VP}{chapter*.539}% 90
\BOOKMARK [1][-]{section.546}{3\040The\040antipassive\040as\040an\040argument\040introducer}{chapter*.539}% 91
\BOOKMARK [1][-]{section.551}{4\040The\040analysis:\040Putting\040it\040all\040together}{chapter*.539}% 92
\BOOKMARK [2][-]{subsection.555}{4.1 Not a case of ‘raising’}{section.551}% 93
\BOOKMARK [2][-]{subsection.563}{4.2\040Not\040just\040for\040case\040reasons}{section.551}% 94
\BOOKMARK [1][-]{section.568}{5\040Conclusion}{chapter*.539}% 95
\BOOKMARK [-1][]{part.570}{IV\040Case\040alternations\040involving\040datives}{}% 96
\BOOKMARK [0][-]{chapter*.572}{11 Dative objects with novel verbs Jóhannes Jónsson & Rannveig Thórarinsdóttir}{part.570}% 97
\BOOKMARK [1][-]{section.573}{1\040Introduction}{chapter*.572}% 98
\BOOKMARK [1][-]{section.574}{2\040Background}{chapter*.572}% 99
\BOOKMARK [1][-]{section.575}{3\040The\040results}{chapter*.572}% 100
\BOOKMARK [2][-]{subsection.576}{3.1\040The\040two\040surveys}{section.575}% 101
\BOOKMARK [2][-]{subsection.580}{3.2\040Dative\040objects}{section.575}% 102
\BOOKMARK [2][-]{subsection.596}{3.3\040Accusative\040objects}{section.575}% 103
\BOOKMARK [1][-]{section.605}{4\040Case\040variation}{chapter*.572}% 104
\BOOKMARK [2][-]{subsection.606}{4.1\040Monotransitive\040verbs}{section.605}% 105
\BOOKMARK [2][-]{subsection.615}{4.2\040Ditransitive\040verbs}{section.605}% 106
\BOOKMARK [1][-]{section.636}{5\040Conclusions}{chapter*.572}% 107
\BOOKMARK [1][-]{section.637}{6\040Acknowledgements}{chapter*.572}% 108
\BOOKMARK [0][-]{chapter*.640}{12\040Microvariation\040in\040dative-marking\040in\040the\040Romance\040and\040Greek\040varieties\040of\040Southern\040Italy\040Adam\040Ledgeway,\040Norma\040Schifano\040&\040Giuseppina\040Silvestri}{part.570}% 109
\BOOKMARK [0][-]{chapter*.653}{13\040Romance\040a-phrases\040and\040their\040clitic\040counterparts:\040agreement\040and\040mismatches\040M.\040Rita\040Manzini}{part.570}% 110
\BOOKMARK [1][-]{section.654}{1\040DOM\040and\040inherent\040datives}{chapter*.653}% 111
\BOOKMARK [2][-]{subsection.668}{1.1\040Clitics\040and\040full\040DPs\040may\040be\040associated\040with\040different\040case\040arrays}{section.654}% 112
\BOOKMARK [1][-]{section.683}{2\040DOM\040and\040inherent\040datives\040under\040cliticization\040and\040clitic\040doubling}{chapter*.653}% 113
\BOOKMARK [1][-]{section.705}{3\040Conclusions}{chapter*.653}% 114
\BOOKMARK [0][-]{chapter*.708}{14\040The\040accusative/dative\040alternation\040in\040Catalan\040verbs\040with\040Experiencer\040object\040Carles\040Royo}{part.570}% 115
\BOOKMARK [1][-]{section.710}{2\040Carles\040Royo}{chapter*.708}% 116
\BOOKMARK [1][-]{section.711}{3\040Universitat\040Rovira\040i\040Virgili}{chapter*.708}% 117
\BOOKMARK [1][-]{section.712}{4\040Introduction}{chapter*.708}% 118
\BOOKMARK [1][-]{section.716}{5\040Syntactico-semantic\040configuration\040of\040sentences\040with\040accusative\040and\040dative}{chapter*.708}% 119
\BOOKMARK [1][-]{section.728}{7\040Nature\040of\040the\040accusative\040and\040dative\040experiencer\040in\040OVS\040stative\040sentences}{chapter*.708}% 120
\BOOKMARK [1][-]{section.737}{8\040OVS\040sentences\040with\040AcExp\040verbs\040and\040an\040accusative\040experiencer}{chapter*.708}% 121
\BOOKMARK [1][-]{section.744}{9\040Argument\040structure\040of\040stative\040sentences\040with\040AcExp\040verbs}{chapter*.708}% 122
\BOOKMARK [1][-]{section.752}{10\040Conclusions}{chapter*.708}% 123
\BOOKMARK [0][-]{chapter*.755}{15 Ways of being a dative across Romance varieties Teresa Cabré & Antonio Fábregas}{part.570}% 124
\BOOKMARK [1][-]{section.756}{1\040Introduction:\040the\040nature\040of\040datives}{chapter*.755}% 125
\BOOKMARK [1][-]{section.757}{2\040Clitic\040wars\040and\040what\040it\040means\040to\040be\040too\040similar\040in\040syntax}{chapter*.755}% 126
\BOOKMARK [1][-]{section.766}{3\040Different\040datives,\040different\040clashes}{chapter*.755}% 127
\BOOKMARK [2][-]{subsection.768}{3.1\040Valencian\040Catalan\040and\040non-Valencian\040Catalan}{section.766}% 128
\BOOKMARK [2][-]{subsection.782}{3.2\0403.2.\040Spanish\040spurious\040se}{section.766}% 129
\BOOKMARK [2][-]{subsection.799}{3.3\040A\040short\040note\040on\040French}{section.766}% 130
\BOOKMARK [1][-]{section.802}{4\040Conclusions}{chapter*.755}% 131
\BOOKMARK [0][-]{section*.803}{Index}{part.570}% 132
\BOOKMARK [1][-]{section*.804}{Name\040index}{section*.803}% 133
\BOOKMARK [1][-]{section*.805}{Language\040index}{section*.803}% 134
\BOOKMARK [1][-]{section*.806}{Subject\040index}{section*.803}% 135
