This is XeTeX, Version 3.14159265-2.6-0.999991 (TeX Live 2019) (preloaded format=xelatex 2019.11.5)  20 DEC 2019 16:35
entering extended mode
 restricted \write18 enabled.
 %&-line parsing enabled.
**baslilico.tex
(/usr/local/texlive/2019/texmf-dist/tex/latex/tools/q.tex
LaTeX2e <2018-12-01>
File ignored
)
! Emergency stop.
<*> baslilico.tex
                 
*** (job aborted, no legal \end found)

 
Here is how much of TeX's memory you used:
 7 strings out of 492916
 187 string characters out of 6133345
 64431 words of memory out of 5000000
 4159 multiletter control sequences out of 15000+600000
 3640 words of font info for 14 fonts, out of 8000000 for 9000
 1348 hyphenation exceptions out of 8191
 4i,0n,1p,93b,8s stack positions out of 5000i,500n,10000p,200000b,80000s
No pages of output.
